# JRE version: OpenJDK Runtime Environment (21.0.5) (build 21.0.5+-13047016-b750.29)
# Java VM: OpenJDK 64-Bit Server VM (21.0.5+-13047016-b750.29, mixed mode, tiered, compressed oops, compressed class ptrs, g1 gc, windows-amd64)
GC Precious Log:
 CardTable entry size: 512
 Card Set container configuration: InlinePtr #cards 5 size 8 Array Of Cards #cards 12 size 40 Howl #buckets 4 coarsen threshold 1843 Howl Bitmap #cards 512 size 80 coarsen threshold 460 Card regions per heap region 1 cards per card region 2048
 CPUs: 8 total, 8 available
 Memory: 8035M
 Large Page Support: Disabled
 NUMA Support: Disabled
 Compressed Oops: Enabled (32-bit)
 Heap Region Size: 1M
 Heap Min Capacity: 8M
 Heap Initial Capacity: 126M
 Heap Max Capacity: 2G
 Pre-touch: Disabled
 Parallel Workers: 8
 Concurrent Workers: 2
 Concurrent Refinement Workers: 8
 Periodic GC: Disabled
Heap:
 garbage-first heap   total 215040K, used 139845K [0x0000000080000000, 0x0000000100000000)
  region size 1024K, 9 young (9216K), 3 survivors (3072K)
 Metaspace       used 109269K, committed 111360K, reserved 1179648K
  class space    used 14876K, committed 15936K, reserved 1048576K
GC Heap History (20 events):
Event: 15.336 GC heap before
{Heap before GC invocations=23 (full 0):
 garbage-first heap   total 158720K, used 141819K [0x0000000080000000, 0x0000000100000000)
  region size 1024K, 57 young (58368K), 5 survivors (5120K)
 Metaspace       used 75926K, committed 77696K, reserved 1179648K
  class space    used 10488K, committed 11392K, reserved 1048576K
}
Event: 15.342 GC heap after
{Heap after GC invocations=24 (full 0):
 garbage-first heap   total 158720K, used 90808K [0x0000000080000000, 0x0000000100000000)
  region size 1024K, 6 young (6144K), 6 survivors (6144K)
 Metaspace       used 75926K, committed 77696K, reserved 1179648K
  class space    used 10488K, committed 11392K, reserved 1048576K
}
Event: 15.569 GC heap before
{Heap before GC invocations=24 (full 0):
 garbage-first heap   total 158720K, used 103096K [0x0000000080000000, 0x0000000100000000)
  region size 1024K, 20 young (20480K), 6 survivors (6144K)
 Metaspace       used 78084K, committed 79936K, reserved 1179648K
  class space    used 10979K, committed 11904K, reserved 1048576K
}
Event: 15.574 GC heap after
{Heap after GC invocations=25 (full 0):
 garbage-first heap   total 158720K, used 91409K [0x0000000080000000, 0x0000000100000000)
  region size 1024K, 1 young (1024K), 1 survivors (1024K)
 Metaspace       used 78084K, committed 79936K, reserved 1179648K
  class space    used 10979K, committed 11904K, reserved 1048576K
}
Event: 16.342 GC heap before
{Heap before GC invocations=26 (full 0):
 garbage-first heap   total 163840K, used 160017K [0x0000000080000000, 0x0000000100000000)
  region size 1024K, 54 young (55296K), 1 survivors (1024K)
 Metaspace       used 81618K, committed 83456K, reserved 1179648K
  class space    used 11422K, committed 12352K, reserved 1048576K
}
Event: 16.349 GC heap after
{Heap after GC invocations=27 (full 0):
 garbage-first heap   total 169984K, used 113592K [0x0000000080000000, 0x0000000100000000)
  region size 1024K, 7 young (7168K), 7 survivors (7168K)
 Metaspace       used 81618K, committed 83456K, reserved 1179648K
  class space    used 11422K, committed 12352K, reserved 1048576K
}
Event: 16.960 GC heap before
{Heap before GC invocations=27 (full 0):
 garbage-first heap   total 169984K, used 153528K [0x0000000080000000, 0x0000000100000000)
  region size 1024K, 46 young (47104K), 7 survivors (7168K)
 Metaspace       used 86000K, committed 87936K, reserved 1179648K
  class space    used 11997K, committed 12992K, reserved 1048576K
}
Event: 16.967 GC heap after
{Heap after GC invocations=28 (full 0):
 garbage-first heap   total 169984K, used 114294K [0x0000000080000000, 0x0000000100000000)
  region size 1024K, 2 young (2048K), 2 survivors (2048K)
 Metaspace       used 86000K, committed 87936K, reserved 1179648K
  class space    used 11997K, committed 12992K, reserved 1048576K
}
Event: 17.174 GC heap before
{Heap before GC invocations=28 (full 0):
 garbage-first heap   total 169984K, used 123510K [0x0000000080000000, 0x0000000100000000)
  region size 1024K, 12 young (12288K), 2 survivors (2048K)
 Metaspace       used 87575K, committed 89536K, reserved 1179648K
  class space    used 12187K, committed 13184K, reserved 1048576K
}
Event: 17.178 GC heap after
{Heap after GC invocations=29 (full 0):
 garbage-first heap   total 169984K, used 115989K [0x0000000080000000, 0x0000000100000000)
  region size 1024K, 4 young (4096K), 4 survivors (4096K)
 Metaspace       used 87575K, committed 89536K, reserved 1179648K
  class space    used 12187K, committed 13184K, reserved 1048576K
}
Event: 17.698 GC heap before
{Heap before GC invocations=30 (full 0):
 garbage-first heap   total 203776K, used 157973K [0x0000000080000000, 0x0000000100000000)
  region size 1024K, 40 young (40960K), 4 survivors (4096K)
 Metaspace       used 89424K, committed 91392K, reserved 1179648K
  class space    used 12442K, committed 13440K, reserved 1048576K
}
Event: 17.705 GC heap after
{Heap after GC invocations=31 (full 0):
 garbage-first heap   total 203776K, used 120343K [0x0000000080000000, 0x0000000100000000)
  region size 1024K, 5 young (5120K), 5 survivors (5120K)
 Metaspace       used 89424K, committed 91392K, reserved 1179648K
  class space    used 12442K, committed 13440K, reserved 1048576K
}
Event: 18.646 GC heap before
{Heap before GC invocations=31 (full 0):
 garbage-first heap   total 203776K, used 176663K [0x0000000080000000, 0x0000000100000000)
  region size 1024K, 60 young (61440K), 5 survivors (5120K)
 Metaspace       used 94853K, committed 96768K, reserved 1179648K
  class space    used 13132K, committed 14080K, reserved 1048576K
}
Event: 18.655 GC heap after
{Heap after GC invocations=32 (full 0):
 garbage-first heap   total 203776K, used 123104K [0x0000000080000000, 0x0000000100000000)
  region size 1024K, 8 young (8192K), 8 survivors (8192K)
 Metaspace       used 94853K, committed 96768K, reserved 1179648K
  class space    used 13132K, committed 14080K, reserved 1048576K
}
Event: 18.788 GC heap before
{Heap before GC invocations=32 (full 0):
 garbage-first heap   total 203776K, used 133344K [0x0000000080000000, 0x0000000100000000)
  region size 1024K, 19 young (19456K), 8 survivors (8192K)
 Metaspace       used 95584K, committed 97536K, reserved 1179648K
  class space    used 13225K, committed 14208K, reserved 1048576K
}
Event: 18.794 GC heap after
{Heap after GC invocations=33 (full 0):
 garbage-first heap   total 203776K, used 123581K [0x0000000080000000, 0x0000000100000000)
  region size 1024K, 4 young (4096K), 4 survivors (4096K)
 Metaspace       used 95584K, committed 97536K, reserved 1179648K
  class space    used 13225K, committed 14208K, reserved 1048576K
}
Event: 20.233 GC heap before
{Heap before GC invocations=34 (full 0):
 garbage-first heap   total 214016K, used 186045K [0x0000000080000000, 0x0000000100000000)
  region size 1024K, 61 young (62464K), 4 survivors (4096K)
 Metaspace       used 99355K, committed 101376K, reserved 1179648K
  class space    used 13672K, committed 14656K, reserved 1048576K
}
Event: 20.242 GC heap after
{Heap after GC invocations=35 (full 0):
 garbage-first heap   total 214016K, used 132849K [0x0000000080000000, 0x0000000100000000)
  region size 1024K, 8 young (8192K), 8 survivors (8192K)
 Metaspace       used 99355K, committed 101376K, reserved 1179648K
  class space    used 13672K, committed 14656K, reserved 1048576K
}
Event: 21.378 GC heap before
{Heap before GC invocations=35 (full 0):
 garbage-first heap   total 214016K, used 200433K [0x0000000080000000, 0x0000000100000000)
  region size 1024K, 66 young (67584K), 8 survivors (8192K)
 Metaspace       used 108366K, committed 110400K, reserved 1179648K
  class space    used 14758K, committed 15808K, reserved 1048576K
}
Event: 21.388 GC heap after
{Heap after GC invocations=36 (full 0):
 garbage-first heap   total 215040K, used 134725K [0x0000000080000000, 0x0000000100000000)
  region size 1024K, 3 young (3072K), 3 survivors (3072K)
 Metaspace       used 108366K, committed 110400K, reserved 1179648K
  class space    used 14758K, committed 15808K, reserved 1048576K
}

